# JRE version: 7.0_06-b24
# Java VM: Java HotSpot(TM) 64-Bit Server VM (23.2-b09 mixed mode windows-amd64 compressed oops)
Heap
 PSYoungGen      total 128128K, used 86339K [0x00000000eac00000, 0x00000000f8430000, 0x0000000100000000)
  eden space 121344K, 65% used [0x00000000eac00000,0x00000000ef9b8fb8,0x00000000f2280000)
  from space 6784K, 99% used [0x00000000f7d90000,0x00000000f8427c98,0x00000000f8430000)
  to   space 11264K, 0% used [0x00000000f6e30000,0x00000000f6e30000,0x00000000f7930000)
 ParOldGen       total 43520K, used 18898K [0x00000000c0400000, 0x00000000c2e80000, 0x00000000eac00000)
  object space 43520K, 43% used [0x00000000c0400000,0x00000000c1674940,0x00000000c2e80000)
 PSPermGen       total 49280K, used 49233K [0x00000000bb200000, 0x00000000be220000, 0x00000000c0400000)
  object space 49280K, 99% used [0x00000000bb200000,0x00000000be2146c8,0x00000000be220000)
GC Heap History (10 events):
Event: 2.786 GC heap before
{Heap before GC invocations=6 (full 0):
 PSYoungGen      total 35456K, used 35454K [0x00000000eac00000, 0x00000000ef500000, 0x0000000100000000)
  eden space 32768K, 100% used [0x00000000eac00000,0x00000000ecc00000,0x00000000ecc00000)
  from space 2688K, 99% used [0x00000000ecc00000,0x00000000ece9f9f8,0x00000000ecea0000)
  to   space 4608K, 0% used [0x00000000ef080000,0x00000000ef080000,0x00000000ef500000)
 ParOldGen       total 43520K, used 4908K [0x00000000c0400000, 0x00000000c2e80000, 0x00000000eac00000)
  object space 43520K, 11% used [0x00000000c0400000,0x00000000c08cb200,0x00000000c2e80000)
 PSPermGen       total 22976K, used 22811K [0x00000000bb200000, 0x00000000bc870000, 0x00000000c0400000)
  object space 22976K, 99% used [0x00000000bb200000,0x00000000bc846c00,0x00000000bc870000)
Event: 2.795 GC heap after
Heap after GC invocations=6 (full 0):
 PSYoungGen      total 68928K, used 4590K [0x00000000eac00000, 0x00000000ef760000, 0x0000000100000000)
  eden space 64320K, 0% used [0x00000000eac00000,0x00000000eac00000,0x00000000eead0000)
  from space 4608K, 99% used [0x00000000ef080000,0x00000000ef4fba08,0x00000000ef500000)
  to   space 5824K, 0% used [0x00000000eead0000,0x00000000eead0000,0x00000000ef080000)
 ParOldGen       total 43520K, used 6344K [0x00000000c0400000, 0x00000000c2e80000, 0x00000000eac00000)
  object space 43520K, 14% used [0x00000000c0400000,0x00000000c0a32268,0x00000000c2e80000)
 PSPermGen       total 22976K, used 22811K [0x00000000bb200000, 0x00000000bc870000, 0x00000000c0400000)
  object space 22976K, 99% used [0x00000000bb200000,0x00000000bc846c00,0x00000000bc870000)
}
Event: 5.287 GC heap before
{Heap before GC invocations=7 (full 0):
 PSYoungGen      total 68928K, used 68910K [0x00000000eac00000, 0x00000000ef760000, 0x0000000100000000)
  eden space 64320K, 100% used [0x00000000eac00000,0x00000000eead0000,0x00000000eead0000)
  from space 4608K, 99% used [0x00000000ef080000,0x00000000ef4fba08,0x00000000ef500000)
  to   space 5824K, 0% used [0x00000000eead0000,0x00000000eead0000,0x00000000ef080000)
 ParOldGen       total 43520K, used 6344K [0x00000000c0400000, 0x00000000c2e80000, 0x00000000eac00000)
  object space 43520K, 14% used [0x00000000c0400000,0x00000000c0a32268,0x00000000c2e80000)
 PSPermGen       total 28544K, used 28380K [0x00000000bb200000, 0x00000000bcde0000, 0x00000000c0400000)
  object space 28544K, 99% used [0x00000000bb200000,0x00000000bcdb7028,0x00000000bcde0000)
Event: 5.298 GC heap after
Heap after GC invocations=7 (full 0):
 PSYoungGen      total 70144K, used 5809K [0x00000000eac00000, 0x00000000f3a00000, 0x0000000100000000)
  eden space 64320K, 0% used [0x00000000eac00000,0x00000000eac00000,0x00000000eead0000)
  from space 5824K, 99% used [0x00000000eead0000,0x00000000ef07c458,0x00000000ef080000)
  to   space 8384K, 0% used [0x00000000f31d0000,0x00000000f31d0000,0x00000000f3a00000)
 ParOldGen       total 43520K, used 10053K [0x00000000c0400000, 0x00000000c2e80000, 0x00000000eac00000)
  object space 43520K, 23% used [0x00000000c0400000,0x00000000c0dd1760,0x00000000c2e80000)
 PSPermGen       total 28544K, used 28380K [0x00000000bb200000, 0x00000000bcde0000, 0x00000000c0400000)
  object space 28544K, 99% used [0x00000000bb200000,0x00000000bcdb7028,0x00000000bcde0000)
}
Event: 18.055 GC heap before
{Heap before GC invocations=8 (full 0):
 PSYoungGen      total 70144K, used 70129K [0x00000000eac00000, 0x00000000f3a00000, 0x0000000100000000)
  eden space 64320K, 100% used [0x00000000eac00000,0x00000000eead0000,0x00000000eead0000)
  from space 5824K, 99% used [0x00000000eead0000,0x00000000ef07c458,0x00000000ef080000)
  to   space 8384K, 0% used [0x00000000f31d0000,0x00000000f31d0000,0x00000000f3a00000)
 ParOldGen       total 43520K, used 10053K [0x00000000c0400000, 0x00000000c2e80000, 0x00000000eac00000)
  object space 43520K, 23% used [0x00000000c0400000,0x00000000c0dd1760,0x00000000c2e80000)
 PSPermGen       total 38528K, used 38406K [0x00000000bb200000, 0x00000000bd7a0000, 0x00000000c0400000)
  object space 38528K, 99% used [0x00000000bb200000,0x00000000bd781930,0x00000000bd7a0000)
Event: 18.068 GC heap after
Heap after GC invocations=8 (full 0):
 PSYoungGen      total 135296K, used 8357K [0x00000000eac00000, 0x00000000f3d60000, 0x0000000100000000)
  eden space 126912K, 0% used [0x00000000eac00000,0x00000000eac00000,0x00000000f27f0000)
  from space 8384K, 99% used [0x00000000f31d0000,0x00000000f39f9790,0x00000000f3a00000)
  to   space 10112K, 0% used [0x00000000f27f0000,0x00000000f27f0000,0x00000000f31d0000)
 ParOldGen       total 43520K, used 11511K [0x00000000c0400000, 0x00000000c2e80000, 0x00000000eac00000)
  object space 43520K, 26% used [0x00000000c0400000,0x00000000c0f3dd10,0x00000000c2e80000)
 PSPermGen       total 38528K, used 38406K [0x00000000bb200000, 0x00000000bd7a0000, 0x00000000c0400000)
  object space 38528K, 99% used [0x00000000bb200000,0x00000000bd781930,0x00000000bd7a0000)
}
Event: 34.701 GC heap before
{Heap before GC invocations=9 (full 0):
 PSYoungGen      total 135296K, used 135269K [0x00000000eac00000, 0x00000000f3d60000, 0x0000000100000000)
  eden space 126912K, 100% used [0x00000000eac00000,0x00000000f27f0000,0x00000000f27f0000)
  from space 8384K, 99% used [0x00000000f31d0000,0x00000000f39f9790,0x00000000f3a00000)
  to   space 10112K, 0% used [0x00000000f27f0000,0x00000000f27f0000,0x00000000f31d0000)
 ParOldGen       total 43520K, used 11511K [0x00000000c0400000, 0x00000000c2e80000, 0x00000000eac00000)
  object space 43520K, 26% used [0x00000000c0400000,0x00000000c0f3dd10,0x00000000c2e80000)
 PSPermGen       total 45056K, used 45000K [0x00000000bb200000, 0x00000000bde00000, 0x00000000c0400000)
  object space 45056K, 99% used [0x00000000bb200000,0x00000000bddf23b0,0x00000000bde00000)
Event: 34.723 GC heap after
Heap after GC invocations=9 (full 0):
 PSYoungGen      total 137024K, used 10005K [0x00000000eac00000, 0x00000000f88d0000, 0x0000000100000000)
  eden space 126912K, 0% used [0x00000000eac00000,0x00000000eac00000,0x00000000f27f0000)
  from space 10112K, 98% used [0x00000000f27f0000,0x00000000f31b5590,0x00000000f31d0000)
  to   space 11520K, 0% used [0x00000000f7d90000,0x00000000f7d90000,0x00000000f88d0000)
 ParOldGen       total 43520K, used 13837K [0x00000000c0400000, 0x00000000c2e80000, 0x00000000eac00000)
  object space 43520K, 31% used [0x00000000c0400000,0x00000000c1183678,0x00000000c2e80000)
 PSPermGen       total 45056K, used 45000K [0x00000000bb200000, 0x00000000bde00000, 0x00000000c0400000)
  object space 45056K, 99% used [0x00000000bb200000,0x00000000bddf23b0,0x00000000bde00000)
}
Event: 105.423 GC heap before
{Heap before GC invocations=10 (full 0):
 PSYoungGen      total 137024K, used 136917K [0x00000000eac00000, 0x00000000f88d0000, 0x0000000100000000)
  eden space 126912K, 100% used [0x00000000eac00000,0x00000000f27f0000,0x00000000f27f0000)
  from space 10112K, 98% used [0x00000000f27f0000,0x00000000f31b5590,0x00000000f31d0000)
  to   space 11520K, 0% used [0x00000000f7d90000,0x00000000f7d90000,0x00000000f88d0000)
 ParOldGen       total 43520K, used 13837K [0x00000000c0400000, 0x00000000c2e80000, 0x00000000eac00000)
  object space 43520K, 31% used [0x00000000c0400000,0x00000000c1183678,0x00000000c2e80000)
 PSPermGen       total 49280K, used 49116K [0x00000000bb200000, 0x00000000be220000, 0x00000000c0400000)
  object space 49280K, 99% used [0x00000000bb200000,0x00000000be1f72d8,0x00000000be220000)
Event: 105.440 GC heap after
Heap after GC invocations=10 (full 0):
 PSYoungGen      total 128128K, used 6751K [0x00000000eac00000, 0x00000000f8430000, 0x0000000100000000)
  eden space 121344K, 0% used [0x00000000eac00000,0x00000000eac00000,0x00000000f2280000)
  from space 6784K, 99% used [0x00000000f7d90000,0x00000000f8427c98,0x00000000f8430000)
  to   space 11264K, 0% used [0x00000000f6e30000,0x00000000f6e30000,0x00000000f7930000)
 ParOldGen       total 43520K, used 18898K [0x00000000c0400000, 0x00000000c2e80000, 0x00000000eac00000)
  object space 43520K, 43% used [0x00000000c0400000,0x00000000c1674940,0x00000000c2e80000)
 PSPermGen       total 49280K, used 49116K [0x00000000bb200000, 0x00000000be220000, 0x00000000c0400000)
  object space 49280K, 99% used [0x00000000bb200000,0x00000000be1f72d8,0x00000000be220000)
}

