# JRE version: 7.0_06-b24
# Java VM: Java HotSpot(TM) 64-Bit Server VM (23.2-b09 mixed mode windows-amd64 compressed oops)
Heap
 PSYoungGen      total 60288K, used 24382K [0x00000000eac00000, 0x00000000f35a0000, 0x0000000100000000)
  eden space 58112K, 38% used [0x00000000eac00000,0x00000000ec1b7b68,0x00000000ee4c0000)
  from space 2176K, 98% used [0x00000000f3380000,0x00000000f3598020,0x00000000f35a0000)
  to   space 16512K, 0% used [0x00000000f1560000,0x00000000f1560000,0x00000000f2580000)
 ParOldGen       total 43520K, used 28112K [0x00000000c0400000, 0x00000000c2e80000, 0x00000000eac00000)
  object space 43520K, 64% used [0x00000000c0400000,0x00000000c1f74028,0x00000000c2e80000)
 PSPermGen       total 43136K, used 42993K [0x00000000bb200000, 0x00000000bdc20000, 0x00000000c0400000)
  object space 43136K, 99% used [0x00000000bb200000,0x00000000bdbfc4e0,0x00000000bdc20000)
GC Heap History (10 events):
Event: 1.697 GC heap before
{Heap before GC invocations=4 (full 0):
 PSYoungGen      total 35456K, used 35437K [0x00000000eac00000, 0x00000000ef140000, 0x0000000100000000)
  eden space 32768K, 100% used [0x00000000eac00000,0x00000000ecc00000,0x00000000ecc00000)
  from space 2688K, 99% used [0x00000000ecc00000,0x00000000ece9b5f0,0x00000000ecea0000)
  to   space 2688K, 0% used [0x00000000eeea0000,0x00000000eeea0000,0x00000000ef140000)
 ParOldGen       total 43520K, used 4630K [0x00000000c0400000, 0x00000000c2e80000, 0x00000000eac00000)
  object space 43520K, 10% used [0x00000000c0400000,0x00000000c0885928,0x00000000c2e80000)
 PSPermGen       total 21248K, used 15175K [0x00000000bb200000, 0x00000000bc6c0000, 0x00000000c0400000)
  object space 21248K, 71% used [0x00000000bb200000,0x00000000bc0d1cc0,0x00000000bc6c0000)
Event: 1.705 GC heap after
Heap after GC invocations=4 (full 0):
 PSYoungGen      total 68224K, used 2670K [0x00000000eac00000, 0x00000000ef140000, 0x0000000100000000)
  eden space 65536K, 0% used [0x00000000eac00000,0x00000000eac00000,0x00000000eec00000)
  from space 2688K, 99% used [0x00000000eeea0000,0x00000000ef13ba08,0x00000000ef140000)
  to   space 2688K, 0% used [0x00000000eec00000,0x00000000eec00000,0x00000000eeea0000)
 ParOldGen       total 43520K, used 5258K [0x00000000c0400000, 0x00000000c2e80000, 0x00000000eac00000)
  object space 43520K, 12% used [0x00000000c0400000,0x00000000c0922938,0x00000000c2e80000)
 PSPermGen       total 21248K, used 15175K [0x00000000bb200000, 0x00000000bc6c0000, 0x00000000c0400000)
  object space 21248K, 71% used [0x00000000bb200000,0x00000000bc0d1cc0,0x00000000bc6c0000)
}
Event: 4.404 GC heap before
{Heap before GC invocations=5 (full 0):
 PSYoungGen      total 68224K, used 68206K [0x00000000eac00000, 0x00000000ef140000, 0x0000000100000000)
  eden space 65536K, 100% used [0x00000000eac00000,0x00000000eec00000,0x00000000eec00000)
  from space 2688K, 99% used [0x00000000eeea0000,0x00000000ef13ba08,0x00000000ef140000)
  to   space 2688K, 0% used [0x00000000eec00000,0x00000000eec00000,0x00000000eeea0000)
 ParOldGen       total 43520K, used 5258K [0x00000000c0400000, 0x00000000c2e80000, 0x00000000eac00000)
  object space 43520K, 12% used [0x00000000c0400000,0x00000000c0922938,0x00000000c2e80000)
 PSPermGen       total 27200K, used 27171K [0x00000000bb200000, 0x00000000bcc90000, 0x00000000c0400000)
  object space 27200K, 99% used [0x00000000bb200000,0x00000000bcc88d50,0x00000000bcc90000)
Event: 4.419 GC heap after
Heap after GC invocations=5 (full 0):
 PSYoungGen      total 68224K, used 2670K [0x00000000eac00000, 0x00000000f3f20000, 0x0000000100000000)
  eden space 65536K, 0% used [0x00000000eac00000,0x00000000eac00000,0x00000000eec00000)
  from space 2688K, 99% used [0x00000000eec00000,0x00000000eee9b9f8,0x00000000eeea0000)
  to   space 9792K, 0% used [0x00000000f3590000,0x00000000f3590000,0x00000000f3f20000)
 ParOldGen       total 43520K, used 13222K [0x00000000c0400000, 0x00000000c2e80000, 0x00000000eac00000)
  object space 43520K, 30% used [0x00000000c0400000,0x00000000c10e98c0,0x00000000c2e80000)
 PSPermGen       total 27200K, used 27171K [0x00000000bb200000, 0x00000000bcc90000, 0x00000000c0400000)
  object space 27200K, 99% used [0x00000000bb200000,0x00000000bcc88d50,0x00000000bcc90000)
}
Event: 13.880 GC heap before
{Heap before GC invocations=6 (full 0):
 PSYoungGen      total 68224K, used 68206K [0x00000000eac00000, 0x00000000f3f20000, 0x0000000100000000)
  eden space 65536K, 100% used [0x00000000eac00000,0x00000000eec00000,0x00000000eec00000)
  from space 2688K, 99% used [0x00000000eec00000,0x00000000eee9b9f8,0x00000000eeea0000)
  to   space 9792K, 0% used [0x00000000f3590000,0x00000000f3590000,0x00000000f3f20000)
 ParOldGen       total 43520K, used 13222K [0x00000000c0400000, 0x00000000c2e80000, 0x00000000eac00000)
  object space 43520K, 30% used [0x00000000c0400000,0x00000000c10e98c0,0x00000000c2e80000)
 PSPermGen       total 35072K, used 34987K [0x00000000bb200000, 0x00000000bd440000, 0x00000000c0400000)
  object space 35072K, 99% used [0x00000000bb200000,0x00000000bd42ac00,0x00000000bd440000)
Event: 13.892 GC heap after
Heap after GC invocations=6 (full 0):
 PSYoungGen      total 72256K, used 9266K [0x00000000eac00000, 0x00000000f3ea0000, 0x0000000100000000)
  eden space 62976K, 0% used [0x00000000eac00000,0x00000000eac00000,0x00000000ee980000)
  from space 9280K, 99% used [0x00000000f3590000,0x00000000f3e9c960,0x00000000f3ea0000)
  to   space 11264K, 0% used [0x00000000f28a0000,0x00000000f28a0000,0x00000000f33a0000)
 ParOldGen       total 43520K, used 13230K [0x00000000c0400000, 0x00000000c2e80000, 0x00000000eac00000)
  object space 43520K, 30% used [0x00000000c0400000,0x00000000c10eb8c0,0x00000000c2e80000)
 PSPermGen       total 35072K, used 34987K [0x00000000bb200000, 0x00000000bd440000, 0x00000000c0400000)
  object space 35072K, 99% used [0x00000000bb200000,0x00000000bd42ac00,0x00000000bd440000)
}
Event: 21.972 GC heap before
{Heap before GC invocations=7 (full 0):
 PSYoungGen      total 72256K, used 72242K [0x00000000eac00000, 0x00000000f3ea0000, 0x0000000100000000)
  eden space 62976K, 100% used [0x00000000eac00000,0x00000000ee980000,0x00000000ee980000)
  from space 9280K, 99% used [0x00000000f3590000,0x00000000f3e9c960,0x00000000f3ea0000)
  to   space 11264K, 0% used [0x00000000f28a0000,0x00000000f28a0000,0x00000000f33a0000)
 ParOldGen       total 43520K, used 13230K [0x00000000c0400000, 0x00000000c2e80000, 0x00000000eac00000)
  object space 43520K, 30% used [0x00000000c0400000,0x00000000c10eb8c0,0x00000000c2e80000)
 PSPermGen       total 38720K, used 38548K [0x00000000bb200000, 0x00000000bd7d0000, 0x00000000c0400000)
  object space 38720K, 99% used [0x00000000bb200000,0x00000000bd7a5248,0x00000000bd7d0000)
Event: 21.985 GC heap after
Heap after GC invocations=7 (full 0):
 PSYoungGen      total 71616K, used 11082K [0x00000000eac00000, 0x00000000f35a0000, 0x0000000100000000)
  eden space 60480K, 0% used [0x00000000eac00000,0x00000000eac00000,0x00000000ee710000)
  from space 11136K, 99% used [0x00000000f28a0000,0x00000000f3372a18,0x00000000f3380000)
  to   space 2176K, 0% used [0x00000000f3380000,0x00000000f3380000,0x00000000f35a0000)
 ParOldGen       total 43520K, used 14089K [0x00000000c0400000, 0x00000000c2e80000, 0x00000000eac00000)
  object space 43520K, 32% used [0x00000000c0400000,0x00000000c11c24c8,0x00000000c2e80000)
 PSPermGen       total 38720K, used 38548K [0x00000000bb200000, 0x00000000bd7d0000, 0x00000000c0400000)
  object space 38720K, 99% used [0x00000000bb200000,0x00000000bd7a5248,0x00000000bd7d0000)
}
Event: 44.703 GC heap before
{Heap before GC invocations=8 (full 0):
 PSYoungGen      total 71616K, used 70881K [0x00000000eac00000, 0x00000000f35a0000, 0x0000000100000000)
  eden space 60480K, 98% used [0x00000000eac00000,0x00000000ee665a20,0x00000000ee710000)
  from space 11136K, 99% used [0x00000000f28a0000,0x00000000f3372a18,0x00000000f3380000)
  to   space 2176K, 0% used [0x00000000f3380000,0x00000000f3380000,0x00000000f35a0000)
 ParOldGen       total 43520K, used 14089K [0x00000000c0400000, 0x00000000c2e80000, 0x00000000eac00000)
  object space 43520K, 32% used [0x00000000c0400000,0x00000000c11c24c8,0x00000000c2e80000)
 PSPermGen       total 43136K, used 42948K [0x00000000bb200000, 0x00000000bdc20000, 0x00000000c0400000)
  object space 43136K, 99% used [0x00000000bb200000,0x00000000bdbf1260,0x00000000bdc20000)
Event: 44.715 GC heap after
Heap after GC invocations=8 (full 0):
 PSYoungGen      total 60288K, used 2144K [0x00000000eac00000, 0x00000000f35a0000, 0x0000000100000000)
  eden space 58112K, 0% used [0x00000000eac00000,0x00000000eac00000,0x00000000ee4c0000)
  from space 2176K, 98% used [0x00000000f3380000,0x00000000f3598020,0x00000000f35a0000)
  to   space 16512K, 0% used [0x00000000f1560000,0x00000000f1560000,0x00000000f2580000)
 ParOldGen       total 43520K, used 28112K [0x00000000c0400000, 0x00000000c2e80000, 0x00000000eac00000)
  object space 43520K, 64% used [0x00000000c0400000,0x00000000c1f74028,0x00000000c2e80000)
 PSPermGen       total 43136K, used 42948K [0x00000000bb200000, 0x00000000bdc20000, 0x00000000c0400000)
  object space 43136K, 99% used [0x00000000bb200000,0x00000000bdbf1260,0x00000000bdc20000)
}

